0 info it worked if it ends with ok
1 verbose cli [
1 verbose cli   '/home/orsanor/.nvm/versions/node/v14.20.0/bin/node',
1 verbose cli   '/home/orsanor/.nvm/versions/node/v14.20.0/bin/npm',
1 verbose cli   'run',
1 verbose cli   'dev'
1 verbose cli ]
2 info using npm@6.14.17
3 info using node@v14.20.0
4 verbose config Skipping project config: /home/orsanor/.npmrc. (matches userconfig)
5 verbose stack Error: ENOENT: no such file or directory, open '/home/orsanor/package.json'
6 verbose cwd /home/orsanor/estudo
7 verbose Linux 5.10.16.3-microsoft-standard-WSL2
8 verbose argv "/home/orsanor/.nvm/versions/node/v14.20.0/bin/node" "/home/orsanor/.nvm/versions/node/v14.20.0/bin/npm" "run" "dev"
9 verbose node v14.20.0
10 verbose npm  v6.14.17
11 error code ENOENT
12 error syscall open
13 error path /home/orsanor/package.json
14 error errno -2
15 error enoent ENOENT: no such file or directory, open '/home/orsanor/package.json'
16 error enoent This is related to npm not being able to find a file.
17 verbose exit [ -2, true ]
