0 info it worked if it ends with ok
1 verbose cli [
1 verbose cli   '/home/orsanor/.nvm/versions/node/v14.20.0/bin/node',
1 verbose cli   '/home/orsanor/.nvm/versions/node/v14.20.0/bin/npm',
1 verbose cli   'run',
1 verbose cli   'dev'
1 verbose cli ]
2 info using npm@6.14.17
3 info using node@v14.20.0
4 verbose run-script [ 'predev', 'dev', 'postdev' ]
5 info lifecycle y@1.0.0~predev: y@1.0.0
6 info lifecycle y@1.0.0~dev: y@1.0.0
7 verbose lifecycle y@1.0.0~dev: unsafe-perm in lifecycle true
8 verbose lifecycle y@1.0.0~dev: PATH: /home/orsanor/.nvm/versions/node/v14.20.0/lib/node_modules/npm/node_modules/npm-lifecycle/node-gyp-bin:/home/orsanor/estudo/teste/node_modules/.bin:/home/orsanor/.vscode-server/bin/92d25e35d9bf1a6b16f7d0758f25d48ace11e5b9/bin/remote-cli:/home/orsanor/.nvm/versions/node/v14.20.0/bin:/usr/local/sbin:/usr/local/bin:/usr/sbin:/usr/bin:/sbin:/bin:/usr/games:/usr/local/games:/usr/lib/wsl/lib:/mnt/c/WINDOWS/system32:/mnt/c/WINDOWS:/mnt/c/WINDOWS/System32/Wbem:/mnt/c/WINDOWS/System32/WindowsPowerShell/v1.0/:/mnt/c/WINDOWS/System32/OpenSSH/:/mnt/c/Program Files/nodejs/:/mnt/c/Program Files/Docker/Docker/resources/bin:/mnt/c/ProgramData/DockerDesktop/version-bin:/mnt/c/Users/orsan/AppData/Local/Microsoft/WindowsApps:/mnt/c/Users/orsan/AppData/Local/Programs/Microsoft VS Code/bin:/mnt/c/Users/orsan/AppData/Roaming/npm:/snap/bin
9 verbose lifecycle y@1.0.0~dev: CWD: /home/orsanor/estudo/teste
10 silly lifecycle y@1.0.0~dev: Args: [ '-c', 'nuxt' ]
11 timing npm Completed in 3456858ms
12 error cb() never called!
13 error This is an error with npm itself. Please report this error at:
14 error <https://npm.community>
